[1mInitial chunk files[22m[2m | [22m[1mNames[22m        [2m | [22m [1mRaw size[22m[2m | [22m[1mEstimated transfer size[22m
[32mmain-ZIJQ6OH7.js[39m   [2m | [22m[2mmain[22m         [2m | [22m[36m276.94 kB[39m[2m | [22m               [36m74.46 kB[39m
[32mstyles-DOS4ONWK.css[39m[2m | [22m[2mstyles[22m       [2m | [22m [36m72.40 kB[39m[2m | [22m                [36m7.69 kB[39m

[1m [22m                  [2m | [22m[1mInitial total[22m[2m | [22m[1m349.34 kB[22m[2m | [22m               [1m82.15 kB[22m

Application bundle generation failed. [16.641 seconds] - 2026-03-27T15:10:34.023Z

node.exe : 
[1m[33m[33mΓû▓ [43;
33m[[43;30mWARNING[43
;33m][0m [1mNG8113: 
All imports are 
unused[0m 
[1m[35m[plugin 
angular-compiler][0m
At C:\Users\divyansh.sh
arma.CORP\AppData\Roami
ng\npm\npx.ps1:24 
char:5
+     & "node$exe"  "$b
asedir/node_modules/npm
/bin/npx-cli.js" $args
+     ~~~~~~~~~~~~~~~~~
~~~~~~~~~~~~~~~~~~~~~~~
~~~~~~~~~~~~~~~~~~~~~~
    + CategoryInfo     
         : NotSpecifi  
  ed: ([1m[33m[33   
 mΓ...r-compiler][    
0m:String) [], Rem    
oteException
    + FullyQualifiedEr 
   rorId : NativeComm  
  andError
 

    src/ds/color/color-
palette.component.ts:18
:2:
[37m      18 Γöé   
[32mimports[37m: 
[NgStyle, NgClass],
         Γò╡   
[32m~~~~~~~[0m


[33mΓû▓ [43;33m[[43;
30mWARNING[43;33m][0m
 [1mDeprecation[0m 
[1m[35m[plugin 
angular-sass][0m

    src/ds/toggle-butto
n/toggle-button-group.c
omponent.scss:126:6:
[37m      126 Γöé   
@if [32m[37mstr-slice
(#{$value}, 1, 2) == 
'--' {
          Γò╡       
[32m^[0m


  Global built-in 
functions are 
deprecated and will be 
removed in Dart Sass 
3.0.0.
  Use string.slice 
instead.
  
  More info and 
automated migrator: [4
mhttps://sass-lang.com/
d/import[0m


[33mΓû▓ [43;33m[[43;
30mWARNING[43;33m][0m
 [1msrc/ds/patient-inf
o/patient-info.componen
t.scss exceeded 
maximum budget. Budget 
4.00 kB was not met by 
5.26 kB with a total 
of 9.26 kB.[0m


[33mΓû▓ [43;33m[[43;
30mWARNING[43;33m][0m
 [1msrc/ds/toggle-butt
on/toggle-button-group.
component.scss 
exceeded maximum 
budget. Budget 4.00 kB 
was not met by 640 
bytes with a total of 
4.64 kB.[0m


[33mΓû▓ [43;33m[[43;
30mWARNING[43;33m][0m
 [1msrc/ds/modal/modal
.component.scss 
exceeded maximum 
budget. Budget 4.00 kB 
was not met by 1.82 kB 
with a total of 5.82 
kB.[0m


[33mΓû▓ [43;33m[[43;
30mWARNING[43;33m][0m
 [1msrc/ds/notificatio
n/notification.componen
t.scss exceeded 
maximum budget. Budget 
4.00 kB was not met by 
1.09 kB with a total 
of 5.09 kB.[0m


[33mΓû▓ [43;33m[[43;
30mWARNING[43;33m][0m
 [1msrc/ds/top-nav/top
-nav.component.scss 
exceeded maximum 
budget. Budget 4.00 kB 
was not met by 283 
bytes with a total of 
4.28 kB.[0m


[33mΓû▓ [43;33m[[43;
30mWARNING[43;33m][0m
 [1msrc/ds/button/heal
ow-connect/healow-conne
ct.component.scss 
exceeded maximum 
budget. Budget 4.00 kB 
was not met by 1.12 kB 
with a total of 5.12 
kB.[0m


[33mΓû▓ [43;33m[[43;
30mWARNING[43;33m][0m
 [1msrc/ds/popover/pop
over.component.scss 
exceeded maximum 
budget. Budget 4.00 kB 
was not met by 7.93 kB 
with a total of 11.93 
kB.[0m


[33mΓû▓ [43;33m[[43;
30mWARNING[43;33m][0m
 [1msrc/ds/table/table
.component.scss 
exceeded maximum 
budget. Budget 4.00 kB 
was not met by 3.38 kB 
with a total of 7.38 
kB.[0m


[33mΓû▓ [43;33m[[43;
30mWARNING[43;33m][0m
 [1msrc/ds/button/butt
on.component.scss 
exceeded maximum 
budget. Budget 4.00 kB 
was not met by 4.88 kB 
with a total of 8.88 
kB.[0m

[39m[22m
[1m[31m[31mX [41;31
m[[41;97mERROR[41;31m
][0m [1msrc/ds/patien
t-info/patient-info.com
ponent.scss exceeded 
maximum budget. Budget 
8.00 kB was not met by 
1.26 kB with a total 
of 9.26 kB.[0m


[31mX [41;31m[[41;97
mERROR[41;31m][0m [1
msrc/ds/popover/popover
.component.scss 
exceeded maximum 
budget. Budget 8.00 kB 
was not met by 3.93 kB 
with a total of 11.93 
kB.[0m


[31mX [41;31m[[41;97
mERROR[41;31m][0m [1
msrc/ds/button/button.c
omponent.scss exceeded 
maximum budget. Budget 
8.00 kB was not met by 
884 bytes with a total 
of 8.88 kB.[0m

[39m[22m
